Running: C:\Xilinx_ISE_Design_Suite\14.7\ISE_DS\ISE\bin\nt\unwrapped\fuse.exe -intstyle ise -incremental -lib unisims_ver -lib unimacro_ver -lib xilinxcorelib_ver -lib secureip -o C:/Users/Rosswell/Documents/460/Counter_Tramelblaze/Top_Level_tb_isim_beh.exe -prj C:/Users/Rosswell/Documents/460/Counter_Tramelblaze/Top_Level_tb_beh.prj work.Top_Level_tb work.glbl 
ISim P.20131013 (signature 0x8ef4fb42)
Number of CPUs detected in this system: 4
Turning on mult-threading, number of parallel sub-compilation jobs: 8 
Determining compilation order of HDL files
Analyzing Verilog file "C:/Users/Rosswell/Documents/460/Counter_Tramelblaze/ipcore_dir/stack_ram.v" into library work
Analyzing Verilog file "C:/Users/Rosswell/Documents/460/Counter_Tramelblaze/ipcore_dir/scratch_ram.v" into library work
Analyzing Verilog file "C:/Users/Rosswell/Documents/460/Counter_Tramelblaze/tramelblaze.v" into library work
Analyzing Verilog file "C:/Users/Rosswell/Documents/460/Counter_Tramelblaze/pixel_controller.v" into library work
Analyzing Verilog file "C:/Users/Rosswell/Documents/460/Counter_Tramelblaze/pixel_clk.v" into library work
Analyzing Verilog file "C:/Users/Rosswell/Documents/460/Counter_Tramelblaze/ipcore_dir/tb_rom.v" into library work
Analyzing Verilog file "C:/Users/Rosswell/Documents/460/Counter_Tramelblaze/hexto7segment.v" into library work
Analyzing Verilog file "C:/Users/Rosswell/Documents/460/Counter_Tramelblaze/dflop.v" into library work
Analyzing Verilog file "C:/Users/Rosswell/Documents/460/Counter_Tramelblaze/ad_mux.v" into library work
Analyzing Verilog file "C:/Users/Rosswell/Documents/460/Counter_Tramelblaze/tramelblaze_top.v" into library work
Analyzing Verilog file "C:/Users/Rosswell/Documents/460/Counter_Tramelblaze/SR_flop.v" into library work
Analyzing Verilog file "C:/Users/Rosswell/Documents/460/Counter_Tramelblaze/PED.v" into library work
Analyzing Verilog file "C:/Users/Rosswell/Documents/460/Counter_Tramelblaze/load_reg_16.v" into library work
Analyzing Verilog file "C:/Users/Rosswell/Documents/460/Counter_Tramelblaze/disp_controller.v" into library work
Analyzing Verilog file "C:/Users/Rosswell/Documents/460/Counter_Tramelblaze/debounce.v" into library work
Analyzing Verilog file "C:/Users/Rosswell/Documents/460/Counter_Tramelblaze/AISO.v" into library work
Analyzing Verilog file "C:/Users/Rosswell/Documents/460/Counter_Tramelblaze/Top_Level.v" into library work
Analyzing Verilog file "C:/Users/Rosswell/Documents/460/Counter_Tramelblaze/Top_Level_tb.v" into library work
Analyzing Verilog file "C:/Xilinx_ISE_Design_Suite/14.7/ISE_DS/ISE//verilog/src/glbl.v" into library work
Starting static elaboration
Completed static elaboration
Fuse Memory Usage: 161136 KB
Fuse CPU Usage: 577 ms
Compiling module dflop
Compiling module AISO
Compiling module debounce
Compiling module PED
Compiling module SR_flop
Compiling module BLK_MEM_GEN_V7_3_output_stage(C_...
Compiling module BLK_MEM_GEN_V7_3_softecc_output_...
Compiling module BLK_MEM_GEN_V7_3_mem_module(C_CO...
Compiling module BLK_MEM_GEN_V7_3(C_FAMILY="artix...
Compiling module stack_ram
Compiling module BLK_MEM_GEN_V7_3_output_stage(C_...
Compiling module BLK_MEM_GEN_V7_3_softecc_output_...
Compiling module BLK_MEM_GEN_V7_3_mem_module(C_CO...
Compiling module BLK_MEM_GEN_V7_3(C_FAMILY="artix...
Compiling module scratch_ram
Compiling module tramelblaze
Compiling module BLK_MEM_GEN_V7_3_output_stage(C_...
Compiling module BLK_MEM_GEN_V7_3_softecc_output_...
Compiling module BLK_MEM_GEN_V7_3_mem_module(C_CO...
Compiling module BLK_MEM_GEN_V7_3(C_FAMILY="artix...
Compiling module tb_rom
Compiling module tramelblaze_top
Compiling module load_reg_16
Compiling module pixel_clk
Compiling module pixel_controller
Compiling module ad_mux
Compiling module hextosegment
Compiling module disp_controller
Compiling module Top_Level
Compiling module Top_Level_tb
Compiling module glbl
Time Resolution for simulation is 1ps.
Waiting for 11 sub-compilation(s) to finish...
Compiled 31 Verilog Units
Built simulation executable C:/Users/Rosswell/Documents/460/Counter_Tramelblaze/Top_Level_tb_isim_beh.exe
Fuse Memory Usage: 170388 KB
Fuse CPU Usage: 937 ms
