ISim log file
Running: C:\Users\Rosswell\Documents\460\Counter_Tramelblaze\Top_Level_tb_isim_beh.exe -intstyle ise -gui -tclbatch isim.cmd -wdb C:/Users/Rosswell/Documents/460/Counter_Tramelblaze/Top_Level_tb_isim_beh.wdb 
ISim P.20131013 (signature 0x8ef4fb42)
WARNING: A WEBPACK license was found.
WARNING: Please use Xilinx License Configuration Manager to check out a full ISim license.
WARNING: ISim will run in Lite mode. Please refer to the ISim documentation for more information on the differences between the Lite and the Full version.
This is a Lite version of ISim.
Time resolution is 1 ps
# onerror resume
# wave add /
# run 1000 ns
Simulator is doing circuit initialization process.
Block Memory Generator CORE Generator module Top_Level_tb.uut.u4.tramelblaze.stkr.inst.\native_mem_module.blk_mem_gen_v7_3_inst  is using a behavioral model for simulation which will not precisely model memory collision behavior.
Block Memory Generator CORE Generator module Top_Level_tb.uut.u4.tramelblaze.sr.inst.\native_mem_module.blk_mem_gen_v7_3_inst  is using a behavioral model for simulation which will not precisely model memory collision behavior.
 Block Memory Generator CORE Generator module loading initial data...
 Block Memory Generator data initialization complete.
Block Memory Generator CORE Generator module Top_Level_tb.uut.u4.your_instance_name.inst.\native_mem_module.blk_mem_gen_v7_3_inst  is using a behavioral model for simulation which will not precisely model memory collision behavior.
Finished circuit initialization process.
# run all
Stopped at time : 386920300 ns : File "C:/Users/Rosswell/Documents/460/Counter_Tramelblaze/debounce.v" Line 28
